[0.683s] Invoking command in '/home/tcsebbas/ros2_ws/src/practica3': PYTHONPATH=/home/tcsebbas/ros2_ws/src/practica3/build/practica3/prefix_override:/home/tcsebbas/.local/lib/python3.10/site-packages/colcon_core/task/python/colcon_distutils_commands:/home/tcsebbas/ros2_ws/src/practica3/install/practica3/lib/python3.10/site-packages:${PYTHONPATH} /usr/bin/python3 -W ignore:setup.py install is deprecated -W ignore:easy_install command is deprecated setup.py egg_info --egg-base build/practica3 build --build-base /home/tcsebbas/ros2_ws/src/practica3/build/practica3/build install --record /home/tcsebbas/ros2_ws/src/practica3/build/practica3/install.log --single-version-externally-managed install_data
[0.955s] running egg_info
[0.957s] writing build/practica3/practica3.egg-info/PKG-INFO
[0.957s] writing dependency_links to build/practica3/practica3.egg-info/dependency_links.txt
[0.957s] writing entry points to build/practica3/practica3.egg-info/entry_points.txt
[0.957s] writing requirements to build/practica3/practica3.egg-info/requires.txt
[0.958s] writing top-level names to build/practica3/practica3.egg-info/top_level.txt
[0.960s] reading manifest file 'build/practica3/practica3.egg-info/SOURCES.txt'
[0.961s] writing manifest file 'build/practica3/practica3.egg-info/SOURCES.txt'
[0.961s] running build
[0.962s] running build_py
[0.962s] copying practica3/navegar.py -> /home/tcsebbas/ros2_ws/src/practica3/build/practica3/build/lib/practica3
[0.962s] copying practica3/dibujo.py -> /home/tcsebbas/ros2_ws/src/practica3/build/practica3/build/lib/practica3
[0.962s] running install
[0.962s] running install_lib
[0.963s] copying /home/tcsebbas/ros2_ws/src/practica3/build/practica3/build/lib/practica3/navegar.py -> /home/tcsebbas/ros2_ws/src/practica3/install/practica3/lib/python3.10/site-packages/practica3
[0.963s] copying /home/tcsebbas/ros2_ws/src/practica3/build/practica3/build/lib/practica3/dibujo.py -> /home/tcsebbas/ros2_ws/src/practica3/install/practica3/lib/python3.10/site-packages/practica3
[0.964s] byte-compiling /home/tcsebbas/ros2_ws/src/practica3/install/practica3/lib/python3.10/site-packages/practica3/navegar.py to navegar.cpython-310.pyc
[0.965s] byte-compiling /home/tcsebbas/ros2_ws/src/practica3/install/practica3/lib/python3.10/site-packages/practica3/dibujo.py to dibujo.cpython-310.pyc
[0.966s] running install_data
[0.966s] running install_egg_info
[0.968s] removing '/home/tcsebbas/ros2_ws/src/practica3/install/practica3/lib/python3.10/site-packages/practica3-0.0.0-py3.10.egg-info' (and everything under it)
[0.970s] Copying build/practica3/practica3.egg-info to /home/tcsebbas/ros2_ws/src/practica3/install/practica3/lib/python3.10/site-packages/practica3-0.0.0-py3.10.egg-info
[0.970s] running install_scripts
[0.991s] Installing dibujo script to /home/tcsebbas/ros2_ws/src/practica3/install/practica3/lib/practica3
[0.991s] Installing navegar script to /home/tcsebbas/ros2_ws/src/practica3/install/practica3/lib/practica3
[0.992s] writing list of installed files to '/home/tcsebbas/ros2_ws/src/practica3/build/practica3/install.log'
[1.034s] Invoked command in '/home/tcsebbas/ros2_ws/src/practica3' returned '0': PYTHONPATH=/home/tcsebbas/ros2_ws/src/practica3/build/practica3/prefix_override:/home/tcsebbas/.local/lib/python3.10/site-packages/colcon_core/task/python/colcon_distutils_commands:/home/tcsebbas/ros2_ws/src/practica3/install/practica3/lib/python3.10/site-packages:${PYTHONPATH} /usr/bin/python3 -W ignore:setup.py install is deprecated -W ignore:easy_install command is deprecated setup.py egg_info --egg-base build/practica3 build --build-base /home/tcsebbas/ros2_ws/src/practica3/build/practica3/build install --record /home/tcsebbas/ros2_ws/src/practica3/build/practica3/install.log --single-version-externally-managed install_data
