[0.535s] DEBUG:colcon:Command line arguments: ['/home/tcsebbas/.local/bin/colcon', 'build']
[0.535s] DEBUG:colcon:Parsed command line arguments: Namespace(log_base=None, log_level=None, verb_name='build', build_base='build', install_base='install', merge_install=False, symlink_install=False, test_result_base=None, continue_on_error=False, executor='parallel', parallel_workers=2, event_handlers=None, ignore_user_meta=False, metas=['./colcon.meta'], base_paths=['.'], packages_ignore=None, packages_ignore_regex=None, paths=None, packages_up_to=None, packages_up_to_regex=None, packages_above=None, packages_above_and_dependencies=None, packages_above_depth=None, packages_select_by_dep=None, packages_skip_by_dep=None, packages_skip_up_to=None, packages_select_build_failed=False, packages_skip_build_finished=False, packages_select_test_failures=False, packages_skip_test_passed=False, packages_select=None, packages_skip=None, packages_select_regex=None, packages_skip_regex=None, packages_start=None, packages_end=None, cmake_args=None, cmake_target=None, cmake_target_skip_unavailable=False, cmake_clean_cache=False, cmake_clean_first=False, cmake_force_configure=False, ament_cmake_args=None, catkin_cmake_args=None, catkin_skip_building_tests=False, verb_parser=<colcon_defaults.argument_parser.defaults.DefaultArgumentsDecorator object at 0x707715ece5f0>, verb_extension=<colcon_core.verb.build.BuildVerb object at 0x707715ece080>, main=<bound method BuildVerb.main of <colcon_core.verb.build.BuildVerb object at 0x707715ece080>>)
[0.936s] Level 1:colcon.colcon_core.package_discovery:discover_packages(colcon_meta) check parameters
[0.936s] Level 1:colcon.colcon_core.package_discovery:discover_packages(recursive) check parameters
[0.936s] Level 1:colcon.colcon_core.package_discovery:discover_packages(ignore) check parameters
[0.936s] Level 1:colcon.colcon_core.package_discovery:discover_packages(path) check parameters
[0.936s] Level 1:colcon.colcon_core.package_discovery:discover_packages(colcon_meta) discover
[0.936s] Level 1:colcon.colcon_core.package_discovery:discover_packages(recursive) discover
[0.936s] INFO:colcon.colcon_core.package_discovery:Crawling recursively for packages in '/home/tcsebbas/ros2_ws/src/practica3'
[0.936s] Level 1:colcon.colcon_core.package_identification:_identify(.) by extensions ['ignore', 'ignore_ament_install']
[0.936s] Level 1:colcon.colcon_core.package_identification:_identify(.) by extension 'ignore'
[0.936s] Level 1:colcon.colcon_core.package_identification:_identify(.) by extension 'ignore_ament_install'
[0.936s] Level 1:colcon.colcon_core.package_identification:_identify(.) by extensions ['colcon_pkg']
[0.936s] Level 1:colcon.colcon_core.package_identification:_identify(.) by extension 'colcon_pkg'
[0.937s] Level 1:colcon.colcon_core.package_identification:_identify(.) by extensions ['colcon_meta']
[0.937s] Level 1:colcon.colcon_core.package_identification:_identify(.) by extension 'colcon_meta'
[0.937s] Level 1:colcon.colcon_core.package_identification:_identify(.) by extensions ['ros']
[0.937s] Level 1:colcon.colcon_core.package_identification:_identify(.) by extension 'ros'
[0.965s] DEBUG:colcon.colcon_core.package_identification:Package '.' with type 'ros.ament_python' and name 'practica3'
[0.965s] Level 1:colcon.colcon_core.package_discovery:discover_packages(recursive) using defaults
[0.965s] Level 1:colcon.colcon_core.package_discovery:discover_packages(ignore) discover
[0.965s] Level 1:colcon.colcon_core.package_discovery:discover_packages(ignore) using defaults
[0.965s] Level 1:colcon.colcon_core.package_discovery:discover_packages(path) discover
[0.965s] Level 1:colcon.colcon_core.package_discovery:discover_packages(path) using defaults
[1.021s] Level 5:colcon.colcon_core.verb:set package 'practica3' build argument 'cmake_args' from command line to 'None'
[1.021s] Level 5:colcon.colcon_core.verb:set package 'practica3' build argument 'cmake_target' from command line to 'None'
[1.021s] Level 5:colcon.colcon_core.verb:set package 'practica3' build argument 'cmake_target_skip_unavailable' from command line to 'False'
[1.021s] Level 5:colcon.colcon_core.verb:set package 'practica3' build argument 'cmake_clean_cache' from command line to 'False'
[1.021s] Level 5:colcon.colcon_core.verb:set package 'practica3' build argument 'cmake_clean_first' from command line to 'False'
[1.021s] Level 5:colcon.colcon_core.verb:set package 'practica3' build argument 'cmake_force_configure' from command line to 'False'
[1.021s] Level 5:colcon.colcon_core.verb:set package 'practica3' build argument 'ament_cmake_args' from command line to 'None'
[1.021s] Level 5:colcon.colcon_core.verb:set package 'practica3' build argument 'catkin_cmake_args' from command line to 'None'
[1.021s] Level 5:colcon.colcon_core.verb:set package 'practica3' build argument 'catkin_skip_building_tests' from command line to 'False'
[1.021s] DEBUG:colcon.colcon_core.verb:Building package 'practica3' with the following arguments: {'ament_cmake_args': None, 'build_base': '/home/tcsebbas/ros2_ws/src/practica3/build/practica3', 'catkin_cmake_args': None, 'catkin_skip_building_tests': False, 'cmake_args': None, 'cmake_clean_cache': False, 'cmake_clean_first': False, 'cmake_force_configure': False, 'cmake_target': None, 'cmake_target_skip_unavailable': False, 'install_base': '/home/tcsebbas/ros2_ws/src/practica3/install/practica3', 'merge_install': False, 'path': '/home/tcsebbas/ros2_ws/src/practica3', 'symlink_install': False, 'test_result_base': None}
[1.022s] INFO:colcon.colcon_core.executor:Executing jobs using 'parallel' executor
[1.023s] DEBUG:colcon.colcon_parallel_executor.executor.parallel:run_until_complete
[1.023s] INFO:colcon.colcon_ros.task.ament_python.build:Building ROS package in '/home/tcsebbas/ros2_ws/src/practica3' with build type 'ament_python'
[1.024s] Level 1:colcon.colcon_core.shell:create_environment_hook('practica3', 'ament_prefix_path')
[1.034s] INFO:colcon.colcon_core.plugin_system:Skipping extension 'colcon_core.shell.bat': Not used on non-Windows systems
[1.034s] INFO:colcon.colcon_core.shell:Creating environment hook '/home/tcsebbas/ros2_ws/src/practica3/install/practica3/share/practica3/hook/ament_prefix_path.ps1'
[1.036s] INFO:colcon.colcon_core.shell:Creating environment descriptor '/home/tcsebbas/ros2_ws/src/practica3/install/practica3/share/practica3/hook/ament_prefix_path.dsv'
[1.037s] INFO:colcon.colcon_core.shell:Creating environment hook '/home/tcsebbas/ros2_ws/src/practica3/install/practica3/share/practica3/hook/ament_prefix_path.sh'
[1.040s] INFO:colcon.colcon_core.shell:Skip shell extension 'powershell' for command environment: Not usable outside of PowerShell
[1.040s] DEBUG:colcon.colcon_core.shell:Skip shell extension 'dsv' for command environment
[1.356s] INFO:colcon.colcon_core.task.python.build:Building Python package in '/home/tcsebbas/ros2_ws/src/practica3'
[1.356s] INFO:colcon.colcon_core.shell:Skip shell extension 'powershell' for command environment: Not usable outside of PowerShell
[1.356s] DEBUG:colcon.colcon_core.shell:Skip shell extension 'dsv' for command environment
[1.880s] DEBUG:colcon.colcon_core.event_handler.log_command:Invoking command in '/home/tcsebbas/ros2_ws/src/practica3': PYTHONPATH=/home/tcsebbas/ros2_ws/src/practica3/build/practica3/prefix_override:/home/tcsebbas/.local/lib/python3.10/site-packages/colcon_core/task/python/colcon_distutils_commands:/home/tcsebbas/ros2_ws/src/practica3/install/practica3/lib/python3.10/site-packages:${PYTHONPATH} /usr/bin/python3 -W ignore:setup.py install is deprecated -W ignore:easy_install command is deprecated setup.py egg_info --egg-base build/practica3 build --build-base /home/tcsebbas/ros2_ws/src/practica3/build/practica3/build install --record /home/tcsebbas/ros2_ws/src/practica3/build/practica3/install.log --single-version-externally-managed install_data
[2.232s] DEBUG:colcon.colcon_core.event_handler.log_command:Invoked command in '/home/tcsebbas/ros2_ws/src/practica3' returned '0': PYTHONPATH=/home/tcsebbas/ros2_ws/src/practica3/build/practica3/prefix_override:/home/tcsebbas/.local/lib/python3.10/site-packages/colcon_core/task/python/colcon_distutils_commands:/home/tcsebbas/ros2_ws/src/practica3/install/practica3/lib/python3.10/site-packages:${PYTHONPATH} /usr/bin/python3 -W ignore:setup.py install is deprecated -W ignore:easy_install command is deprecated setup.py egg_info --egg-base build/practica3 build --build-base /home/tcsebbas/ros2_ws/src/practica3/build/practica3/build install --record /home/tcsebbas/ros2_ws/src/practica3/build/practica3/install.log --single-version-externally-managed install_data
[2.247s] Level 1:colcon.colcon_core.environment:checking '/home/tcsebbas/ros2_ws/src/practica3/install/practica3' for CMake module files
[2.248s] Level 1:colcon.colcon_core.environment:checking '/home/tcsebbas/ros2_ws/src/practica3/install/practica3' for CMake config files
[2.249s] Level 1:colcon.colcon_core.environment:checking '/home/tcsebbas/ros2_ws/src/practica3/install/practica3/lib'
[2.249s] Level 1:colcon.colcon_core.environment:checking '/home/tcsebbas/ros2_ws/src/practica3/install/practica3/bin'
[2.249s] Level 1:colcon.colcon_core.environment:checking '/home/tcsebbas/ros2_ws/src/practica3/install/practica3/lib/pkgconfig/practica3.pc'
[2.249s] Level 1:colcon.colcon_core.environment:checking '/home/tcsebbas/ros2_ws/src/practica3/install/practica3/lib/python3.10/site-packages'
[2.249s] Level 1:colcon.colcon_core.shell:create_environment_hook('practica3', 'pythonpath')
[2.250s] INFO:colcon.colcon_core.shell:Creating environment hook '/home/tcsebbas/ros2_ws/src/practica3/install/practica3/share/practica3/hook/pythonpath.ps1'
[2.250s] INFO:colcon.colcon_core.shell:Creating environment descriptor '/home/tcsebbas/ros2_ws/src/practica3/install/practica3/share/practica3/hook/pythonpath.dsv'
[2.250s] INFO:colcon.colcon_core.shell:Creating environment hook '/home/tcsebbas/ros2_ws/src/practica3/install/practica3/share/practica3/hook/pythonpath.sh'
[2.251s] Level 1:colcon.colcon_core.environment:checking '/home/tcsebbas/ros2_ws/src/practica3/install/practica3/bin'
[2.251s] Level 1:colcon.colcon_core.environment:create_environment_scripts_only(practica3)
[2.251s] INFO:colcon.colcon_core.shell:Creating package script '/home/tcsebbas/ros2_ws/src/practica3/install/practica3/share/practica3/package.ps1'
[2.253s] INFO:colcon.colcon_core.shell:Creating package descriptor '/home/tcsebbas/ros2_ws/src/practica3/install/practica3/share/practica3/package.dsv'
[2.255s] INFO:colcon.colcon_core.shell:Creating package script '/home/tcsebbas/ros2_ws/src/practica3/install/practica3/share/practica3/package.sh'
[2.257s] INFO:colcon.colcon_core.shell:Creating package script '/home/tcsebbas/ros2_ws/src/practica3/install/practica3/share/practica3/package.bash'
[2.258s] INFO:colcon.colcon_core.shell:Creating package script '/home/tcsebbas/ros2_ws/src/practica3/install/practica3/share/practica3/package.zsh'
[2.260s] Level 1:colcon.colcon_core.environment:create_file_with_runtime_dependencies(/home/tcsebbas/ros2_ws/src/practica3/install/practica3/share/colcon-core/packages/practica3)
[2.262s] DEBUG:colcon.colcon_parallel_executor.executor.parallel:closing loop
[2.262s] DEBUG:colcon.colcon_parallel_executor.executor.parallel:loop closed
[2.262s] DEBUG:colcon.colcon_parallel_executor.executor.parallel:run_until_complete finished with '0'
[2.262s] DEBUG:colcon.colcon_core.event_reactor:joining thread
[2.279s] INFO:colcon.colcon_core.plugin_system:Skipping extension 'colcon_notification.desktop_notification.terminal_notifier': Not used on non-Darwin systems
[2.279s] INFO:colcon.colcon_core.plugin_system:Skipping extension 'colcon_notification.desktop_notification.win32': Not used on non-Windows systems
[2.279s] INFO:colcon.colcon_notification.desktop_notification:Sending desktop notification using 'notify2'
[2.431s] DEBUG:colcon.colcon_core.event_reactor:joined thread
[2.432s] INFO:colcon.colcon_core.shell:Creating prefix script '/home/tcsebbas/ros2_ws/src/practica3/install/local_setup.ps1'
[2.433s] INFO:colcon.colcon_core.shell:Creating prefix util module '/home/tcsebbas/ros2_ws/src/practica3/install/_local_setup_util_ps1.py'
[2.436s] INFO:colcon.colcon_core.shell:Creating prefix chain script '/home/tcsebbas/ros2_ws/src/practica3/install/setup.ps1'
[2.438s] INFO:colcon.colcon_core.shell:Creating prefix script '/home/tcsebbas/ros2_ws/src/practica3/install/local_setup.sh'
[2.440s] INFO:colcon.colcon_core.shell:Creating prefix util module '/home/tcsebbas/ros2_ws/src/practica3/install/_local_setup_util_sh.py'
[2.441s] INFO:colcon.colcon_core.shell:Creating prefix chain script '/home/tcsebbas/ros2_ws/src/practica3/install/setup.sh'
[2.442s] INFO:colcon.colcon_core.shell:Creating prefix script '/home/tcsebbas/ros2_ws/src/practica3/install/local_setup.bash'
[2.444s] INFO:colcon.colcon_core.shell:Creating prefix chain script '/home/tcsebbas/ros2_ws/src/practica3/install/setup.bash'
[2.445s] INFO:colcon.colcon_core.shell:Creating prefix script '/home/tcsebbas/ros2_ws/src/practica3/install/local_setup.zsh'
[2.447s] INFO:colcon.colcon_core.shell:Creating prefix chain script '/home/tcsebbas/ros2_ws/src/practica3/install/setup.zsh'
