[0.857s] Invoking command in '/home/tcsebbas/ros2_ws/src/practica3': PYTHONPATH=/home/tcsebbas/ros2_ws/src/practica3/build/practica3/prefix_override:/home/tcsebbas/.local/lib/python3.10/site-packages/colcon_core/task/python/colcon_distutils_commands:/home/tcsebbas/ros2_ws/src/practica3/install/practica3/lib/python3.10/site-packages:${PYTHONPATH} /usr/bin/python3 -W ignore:setup.py install is deprecated -W ignore:easy_install command is deprecated setup.py egg_info --egg-base build/practica3 build --build-base /home/tcsebbas/ros2_ws/src/practica3/build/practica3/build install --record /home/tcsebbas/ros2_ws/src/practica3/build/practica3/install.log --single-version-externally-managed install_data
[1.130s] running egg_info
[1.130s] creating build/practica3/practica3.egg-info
[1.130s] writing build/practica3/practica3.egg-info/PKG-INFO
[1.130s] writing dependency_links to build/practica3/practica3.egg-info/dependency_links.txt
[1.130s] writing entry points to build/practica3/practica3.egg-info/entry_points.txt
[1.130s] writing requirements to build/practica3/practica3.egg-info/requires.txt
[1.130s] writing top-level names to build/practica3/practica3.egg-info/top_level.txt
[1.130s] writing manifest file 'build/practica3/practica3.egg-info/SOURCES.txt'
[1.133s] reading manifest file 'build/practica3/practica3.egg-info/SOURCES.txt'
[1.133s] writing manifest file 'build/practica3/practica3.egg-info/SOURCES.txt'
[1.133s] running build
[1.134s] running build_py
[1.134s] creating /home/tcsebbas/ros2_ws/src/practica3/build/practica3/build
[1.134s] creating /home/tcsebbas/ros2_ws/src/practica3/build/practica3/build/lib
[1.134s] creating /home/tcsebbas/ros2_ws/src/practica3/build/practica3/build/lib/practica3
[1.134s] copying practica3/navegar.py -> /home/tcsebbas/ros2_ws/src/practica3/build/practica3/build/lib/practica3
[1.134s] copying practica3/__init__.py -> /home/tcsebbas/ros2_ws/src/practica3/build/practica3/build/lib/practica3
[1.134s] copying practica3/dibujo.py -> /home/tcsebbas/ros2_ws/src/practica3/build/practica3/build/lib/practica3
[1.134s] running install
[1.135s] running install_lib
[1.136s] creating /home/tcsebbas/ros2_ws/src/practica3/install/practica3/lib/python3.10/site-packages/practica3
[1.136s] copying /home/tcsebbas/ros2_ws/src/practica3/build/practica3/build/lib/practica3/navegar.py -> /home/tcsebbas/ros2_ws/src/practica3/install/practica3/lib/python3.10/site-packages/practica3
[1.136s] copying /home/tcsebbas/ros2_ws/src/practica3/build/practica3/build/lib/practica3/__init__.py -> /home/tcsebbas/ros2_ws/src/practica3/install/practica3/lib/python3.10/site-packages/practica3
[1.136s] copying /home/tcsebbas/ros2_ws/src/practica3/build/practica3/build/lib/practica3/dibujo.py -> /home/tcsebbas/ros2_ws/src/practica3/install/practica3/lib/python3.10/site-packages/practica3
[1.137s] byte-compiling /home/tcsebbas/ros2_ws/src/practica3/install/practica3/lib/python3.10/site-packages/practica3/navegar.py to navegar.cpython-310.pyc
[1.137s] byte-compiling /home/tcsebbas/ros2_ws/src/practica3/install/practica3/lib/python3.10/site-packages/practica3/__init__.py to __init__.cpython-310.pyc
[1.138s] byte-compiling /home/tcsebbas/ros2_ws/src/practica3/install/practica3/lib/python3.10/site-packages/practica3/dibujo.py to dibujo.cpython-310.pyc
[1.141s] running install_data
[1.141s] creating /home/tcsebbas/ros2_ws/src/practica3/install/practica3/share/ament_index
[1.141s] creating /home/tcsebbas/ros2_ws/src/practica3/install/practica3/share/ament_index/resource_index
[1.141s] creating /home/tcsebbas/ros2_ws/src/practica3/install/practica3/share/ament_index/resource_index/packages
[1.141s] copying resource/practica3 -> /home/tcsebbas/ros2_ws/src/practica3/install/practica3/share/ament_index/resource_index/packages
[1.141s] copying package.xml -> /home/tcsebbas/ros2_ws/src/practica3/install/practica3/share/practica3
[1.141s] running install_egg_info
[1.141s] Copying build/practica3/practica3.egg-info to /home/tcsebbas/ros2_ws/src/practica3/install/practica3/lib/python3.10/site-packages/practica3-0.0.0-py3.10.egg-info
[1.144s] running install_scripts
[1.170s] Installing dibujo script to /home/tcsebbas/ros2_ws/src/practica3/install/practica3/lib/practica3
[1.171s] Installing navegar script to /home/tcsebbas/ros2_ws/src/practica3/install/practica3/lib/practica3
[1.171s] writing list of installed files to '/home/tcsebbas/ros2_ws/src/practica3/build/practica3/install.log'
[1.209s] Invoked command in '/home/tcsebbas/ros2_ws/src/practica3' returned '0': PYTHONPATH=/home/tcsebbas/ros2_ws/src/practica3/build/practica3/prefix_override:/home/tcsebbas/.local/lib/python3.10/site-packages/colcon_core/task/python/colcon_distutils_commands:/home/tcsebbas/ros2_ws/src/practica3/install/practica3/lib/python3.10/site-packages:${PYTHONPATH} /usr/bin/python3 -W ignore:setup.py install is deprecated -W ignore:easy_install command is deprecated setup.py egg_info --egg-base build/practica3 build --build-base /home/tcsebbas/ros2_ws/src/practica3/build/practica3/build install --record /home/tcsebbas/ros2_ws/src/practica3/build/practica3/install.log --single-version-externally-managed install_data
